<?xml version="1.0" encoding="UTF-8"?>
<!-- Generated by org.testng.reporters.JUnitReportReporter -->
<testsuite hostname="lovelys-MacBook-Air.local" failures="0" tests="1" name="Scripts.Dummy" time="0.024" errors="0" timestamp="2023-10-28T11:05:52 IST" skipped="0">
  <testcase classname="Scripts.Dummy" name="Sample" time="0.024"/>
  <system-out/>
</testsuite> <!-- Scripts.Dummy -->
