<?xml version="1.0" encoding="UTF-8"?>
<!-- Generated by org.testng.reporters.JUnitReportReporter -->
<testsuite hostname="lovelys-MacBook-Air.local" failures="0" tests="1" name="Scripts.TestCase1" time="14.592" errors="0" timestamp="2023-10-27T11:05:05 IST" skipped="0">
  <testcase classname="Scripts.TestCase1" name="tc1" time="14.592"/>
  <system-out/>
</testsuite> <!-- Scripts.TestCase1 -->
