<?xml version="1.0" encoding="UTF-8"?>
<!-- Generated by org.testng.reporters.JUnitReportReporter -->
<testsuite hostname="lovelys-MacBook-Air.local" failures="0" tests="1" name="Scripts.TestCase2" time="13.967" errors="0" timestamp="2023-10-27T11:04:37 IST" skipped="0">
  <testcase classname="Scripts.TestCase2" name="tc2" time="13.967"/>
  <system-out/>
</testsuite> <!-- Scripts.TestCase2 -->
